2017-04-27 17:54:44.699 [main] INFO  logFile.LogFile - {"game_id":"58b576f5","cse_login":"kphan","result":"MISS","x":4,"y":4,"cost":2,"score":118,"game_status":"playing","message":null}
2017-04-27 17:54:44.771 [main] INFO  logFile.LogFile - {"game_id":"58b576f5","cse_login":"kphan","result":"MISS","x":5,"y":5,"cost":2,"score":116,"game_status":"playing","message":null}
2017-04-27 17:54:44.825 [main] INFO  logFile.LogFile - {"game_id":"58b576f5","cse_login":"kphan","result":"HIT","x":3,"y":3,"cost":2,"score":114,"game_status":"playing","message":null}
2017-04-27 17:54:44.880 [main] INFO  logFile.LogFile - {"game_id":"58b576f5","cse_login":"kphan","result":"MISS","x":3,"y":4,"cost":2,"score":112,"game_status":"playing","message":null}
2017-04-27 17:54:44.933 [main] INFO  logFile.LogFile - {"game_id":"58b576f5","cse_login":"kphan","result":"MISS","x":4,"y":3,"cost":2,"score":110,"game_status":"playing","message":null}
2017-04-27 17:54:44.987 [main] INFO  logFile.LogFile - {"game_id":"58b576f5","cse_login":"kphan","result":"HIT","x":2,"y":3,"cost":2,"score":108,"game_status":"playing","message":null}
2017-04-27 17:54:45.047 [main] INFO  logFile.LogFile - {"game_id":"58b576f5","cse_login":"kphan","result":"HIT","x":1,"y":3,"cost":2,"score":106,"game_status":"playing","message":null}
2017-04-27 17:54:45.100 [main] INFO  logFile.LogFile - {"game_id":"58b576f5","cse_login":"kphan","result":"HIT","x":0,"y":3,"cost":2,"score":104,"game_status":"playing","message":"You sunk my Battleship!"}
2017-04-27 17:54:45.153 [main] INFO  logFile.LogFile - {"game_id":"58b576f5","cse_login":"kphan","result":"MISS","x":6,"y":6,"cost":2,"score":102,"game_status":"playing","message":null}
2017-04-27 17:54:45.213 [main] INFO  logFile.LogFile - {"game_id":"58b576f5","cse_login":"kphan","result":"MISS","x":6,"y":2,"cost":2,"score":100,"game_status":"playing","message":null}
2017-04-27 17:54:45.266 [main] INFO  logFile.LogFile - {"game_id":"58b576f5","cse_login":"kphan","result":"MISS","x":4,"y":7,"cost":2,"score":98,"game_status":"playing","message":null}
2017-04-27 17:54:45.319 [main] INFO  logFile.LogFile - {"game_id":"58b576f5","cse_login":"kphan","result":"HIT","x":7,"y":4,"cost":2,"score":96,"game_status":"playing","message":null}
2017-04-27 17:54:45.372 [main] INFO  logFile.LogFile - {"game_id":"58b576f5","cse_login":"kphan","result":"HIT","x":7,"y":3,"cost":2,"score":94,"game_status":"playing","message":null}
2017-04-27 17:54:45.425 [main] INFO  logFile.LogFile - {"game_id":"58b576f5","cse_login":"kphan","result":"MISS","x":7,"y":5,"cost":2,"score":92,"game_status":"playing","message":null}
2017-04-27 17:54:45.477 [main] INFO  logFile.LogFile - {"game_id":"58b576f5","cse_login":"kphan","result":"HIT","x":7,"y":2,"cost":2,"score":90,"game_status":"playing","message":null}
2017-04-27 17:54:45.529 [main] INFO  logFile.LogFile - {"game_id":"58b576f5","cse_login":"kphan","result":"HIT","x":7,"y":1,"cost":2,"score":88,"game_status":"playing","message":"You sunk my Submarine!"}
2017-04-27 17:54:45.581 [main] INFO  logFile.LogFile - {"game_id":"58b576f5","cse_login":"kphan","result":"HIT","x":8,"y":4,"cost":2,"score":86,"game_status":"playing","message":null}
2017-04-27 17:54:45.633 [main] INFO  logFile.LogFile - {"game_id":"58b576f5","cse_login":"kphan","result":"HIT","x":6,"y":4,"cost":2,"score":84,"game_status":"playing","message":null}
2017-04-27 17:54:45.685 [main] INFO  logFile.LogFile - {"game_id":"58b576f5","cse_login":"kphan","result":"HIT","x":9,"y":4,"cost":2,"score":82,"game_status":"playing","message":null}
2017-04-27 17:54:45.738 [main] INFO  logFile.LogFile - {"game_id":"58b576f5","cse_login":"kphan","result":"HIT","x":5,"y":4,"cost":2,"score":80,"game_status":"playing","message":"You sunk my Carrier!"}
2017-04-27 17:54:45.794 [main] INFO  logFile.LogFile - {"game_id":"58b576f5","cse_login":"kphan","result":"MISS","x":2,"y":6,"cost":2,"score":78,"game_status":"playing","message":null}
2017-04-27 17:54:45.848 [main] INFO  logFile.LogFile - {"game_id":"58b576f5","cse_login":"kphan","result":"MISS","x":3,"y":8,"cost":2,"score":76,"game_status":"playing","message":null}
2017-04-27 17:54:45.900 [main] INFO  logFile.LogFile - {"game_id":"58b576f5","cse_login":"kphan","result":"MISS","x":5,"y":0,"cost":2,"score":74,"game_status":"playing","message":null}
2017-04-27 17:54:45.953 [main] INFO  logFile.LogFile - {"game_id":"58b576f5","cse_login":"kphan","result":"MISS","x":5,"y":9,"cost":2,"score":72,"game_status":"playing","message":null}
2017-04-27 17:54:46.006 [main] INFO  logFile.LogFile - {"game_id":"58b576f5","cse_login":"kphan","result":"MISS","x":1,"y":7,"cost":2,"score":70,"game_status":"playing","message":null}
2017-04-27 17:54:46.059 [main] INFO  logFile.LogFile - {"game_id":"58b576f5","cse_login":"kphan","result":"MISS","x":7,"y":8,"cost":2,"score":68,"game_status":"playing","message":null}
2017-04-27 17:54:46.138 [main] INFO  logFile.LogFile - {"game_id":"58b576f5","cse_login":"kphan","result":"MISS","x":8,"y":7,"cost":2,"score":66,"game_status":"playing","message":null}
2017-04-27 17:54:46.190 [main] INFO  logFile.LogFile - {"game_id":"58b576f5","cse_login":"kphan","result":"MISS","x":3,"y":1,"cost":2,"score":64,"game_status":"playing","message":null}
2017-04-27 17:54:46.242 [main] INFO  logFile.LogFile - {"game_id":"58b576f5","cse_login":"kphan","result":"HIT","x":2,"y":2,"cost":2,"score":62,"game_status":"playing","message":null}
2017-04-27 17:54:46.295 [main] INFO  logFile.LogFile - {"game_id":"58b576f5","cse_login":"kphan","result":"MISS","x":3,"y":2,"cost":2,"score":60,"game_status":"playing","message":null}
2017-04-27 17:54:46.348 [main] INFO  logFile.LogFile - {"game_id":"58b576f5","cse_login":"kphan","result":"MISS","x":1,"y":2,"cost":2,"score":58,"game_status":"playing","message":null}
2017-04-27 17:54:46.403 [main] INFO  logFile.LogFile - {"game_id":"58b576f5","cse_login":"kphan","result":"HIT","x":2,"y":1,"cost":2,"score":56,"game_status":"playing","message":null}
2017-04-27 17:54:46.455 [main] INFO  logFile.LogFile - {"game_id":"58b576f5","cse_login":"kphan","result":"HIT","x":2,"y":0,"cost":2,"score":54,"game_status":"playing","message":"You sunk my Cruiser!"}
2017-04-27 17:54:46.508 [main] INFO  logFile.LogFile - {"game_id":"58b576f5","cse_login":"kphan","result":"MISS","x":0,"y":5,"cost":2,"score":52,"game_status":"playing","message":null}
2017-04-27 17:54:46.560 [main] INFO  logFile.LogFile - {"game_id":"58b576f5","cse_login":"kphan","result":"MISS","x":2,"y":9,"cost":2,"score":50,"game_status":"playing","message":null}
2017-04-27 17:54:46.612 [main] INFO  logFile.LogFile - {"game_id":"58b576f5","cse_login":"kphan","result":"MISS","x":9,"y":6,"cost":2,"score":48,"game_status":"playing","message":null}
2017-04-27 17:54:46.663 [main] INFO  logFile.LogFile - {"game_id":"58b576f5","cse_login":"kphan","result":"MISS","x":8,"y":0,"cost":2,"score":46,"game_status":"playing","message":null}
2017-04-27 17:54:46.719 [main] INFO  logFile.LogFile - {"game_id":"58b576f5","cse_login":"kphan","result":"MISS","x":0,"y":8,"cost":2,"score":44,"game_status":"playing","message":null}
2017-04-27 17:54:46.771 [main] INFO  logFile.LogFile - {"game_id":"58b576f5","cse_login":"kphan","result":"MISS","x":3,"y":5,"cost":2,"score":42,"game_status":"playing","message":null}
2017-04-27 17:54:46.823 [main] INFO  logFile.LogFile - {"game_id":"58b576f5","cse_login":"kphan","result":"MISS","x":8,"y":9,"cost":2,"score":40,"game_status":"playing","message":null}
2017-04-27 17:54:46.874 [main] INFO  logFile.LogFile - {"game_id":"58b576f5","cse_login":"kphan","result":"MISS","x":9,"y":1,"cost":2,"score":38,"game_status":"playing","message":null}
2017-04-27 17:54:46.928 [main] INFO  logFile.LogFile - {"game_id":"58b576f5","cse_login":"kphan","result":"MISS","x":1,"y":4,"cost":2,"score":36,"game_status":"playing","message":null}
2017-04-27 17:54:46.980 [main] INFO  logFile.LogFile - {"game_id":"58b576f5","cse_login":"kphan","result":"MISS","x":4,"y":1,"cost":2,"score":34,"game_status":"playing","message":null}
2017-04-27 17:54:47.042 [main] INFO  logFile.LogFile - {"game_id":"58b576f5","cse_login":"kphan","result":"MISS","x":5,"y":7,"cost":2,"score":32,"game_status":"playing","message":null}
2017-04-27 17:54:47.096 [main] INFO  logFile.LogFile - {"game_id":"58b576f5","cse_login":"kphan","result":"MISS","x":6,"y":8,"cost":2,"score":30,"game_status":"playing","message":null}
2017-04-27 17:54:47.149 [main] INFO  logFile.LogFile - {"game_id":"58b576f5","cse_login":"kphan","result":"MISS","x":0,"y":1,"cost":2,"score":28,"game_status":"playing","message":null}
2017-04-27 17:54:47.200 [main] INFO  logFile.LogFile - {"game_id":"58b576f5","cse_login":"kphan","result":"MISS","x":4,"y":6,"cost":2,"score":26,"game_status":"playing","message":null}
2017-04-27 17:54:47.254 [main] INFO  logFile.LogFile - {"game_id":"58b576f5","cse_login":"kphan","result":"MISS","x":5,"y":2,"cost":2,"score":24,"game_status":"playing","message":null}
2017-04-27 17:54:47.305 [main] INFO  logFile.LogFile - {"game_id":"58b576f5","cse_login":"kphan","result":"MISS","x":8,"y":2,"cost":2,"score":22,"game_status":"playing","message":null}
2017-04-27 17:54:47.361 [main] INFO  logFile.LogFile - {"game_id":"58b576f5","cse_login":"kphan","result":"MISS","x":9,"y":8,"cost":2,"score":20,"game_status":"playing","message":null}
2017-04-27 17:54:47.416 [main] INFO  logFile.LogFile - {"game_id":"58b576f5","cse_login":"kphan","result":"MISS","x":0,"y":6,"cost":2,"score":18,"game_status":"playing","message":null}
2017-04-27 17:54:47.470 [main] INFO  logFile.LogFile - {"game_id":"58b576f5","cse_login":"kphan","result":"MISS","x":1,"y":0,"cost":2,"score":16,"game_status":"playing","message":null}
2017-04-27 17:54:47.523 [main] INFO  logFile.LogFile - {"game_id":"58b576f5","cse_login":"kphan","result":"MISS","x":1,"y":5,"cost":2,"score":14,"game_status":"playing","message":null}
2017-04-27 17:54:47.575 [main] INFO  logFile.LogFile - {"game_id":"58b576f5","cse_login":"kphan","result":"MISS","x":1,"y":8,"cost":2,"score":12,"game_status":"playing","message":null}
2017-04-27 17:54:47.629 [main] INFO  logFile.LogFile - {"game_id":"58b576f5","cse_login":"kphan","result":"MISS","x":2,"y":7,"cost":2,"score":10,"game_status":"playing","message":null}
2017-04-27 17:54:47.682 [main] INFO  logFile.LogFile - {"game_id":"58b576f5","cse_login":"kphan","result":"MISS","x":4,"y":8,"cost":2,"score":8,"game_status":"playing","message":null}
2017-04-27 17:54:47.735 [main] INFO  logFile.LogFile - {"game_id":"58b576f5","cse_login":"kphan","result":"MISS","x":6,"y":0,"cost":2,"score":6,"game_status":"playing","message":null}
2017-04-27 17:54:47.791 [main] INFO  logFile.LogFile - {"game_id":"58b576f5","cse_login":"kphan","result":"MISS","x":7,"y":6,"cost":2,"score":4,"game_status":"playing","message":null}
2017-04-27 17:54:47.845 [main] INFO  logFile.LogFile - {"game_id":"58b576f5","cse_login":"kphan","result":"MISS","x":8,"y":5,"cost":2,"score":2,"game_status":"playing","message":null}
2017-04-27 17:54:47.910 [main] INFO  logFile.LogFile - {"game_id":"58b576f5","cse_login":"kphan","result":"MISS","x":9,"y":3,"cost":2,"score":0,"game_status":"lost","message":null}
2017-04-27 17:54:47.911 [main] INFO  logFile.LogFile - I lost the game ID 58b576f5
